********************************************************************************
**** Starting ASP.NET Setup at: 2018-12-28 09:17:44
**** Registering ASP.NET isapi: C:\Windows\Microsoft.NET\Framework\v4.0.30319\aspnet_isapi.dll
**** Internal flags: 0x00000404
********************************************************************************

2018-12-28 09:17:44	Starting	Stopping service: aspnet_state
2018-12-28 09:17:44		Starting	Connecting to Service Manager
2018-12-28 09:17:44		Success 	Connecting to Service Manager
2018-12-28 09:17:44		Starting	Opening Service handle
2018-12-28 09:17:45		Success 	Opening Service handle
2018-12-28 09:17:45		Starting	Stopping service
2018-12-28 09:17:45			Starting	Finding out service state
2018-12-28 09:17:45			Success 	Finding out service state
2018-12-28 09:17:45			Starting	Shutting down service
2018-12-28 09:17:45			Success 	Shutting down service
2018-12-28 09:17:45			Starting	Waiting for service to shut down
2018-12-28 09:17:45			Success 	Waiting for service to shut down
2018-12-28 09:17:45		Success 	Stopping service
2018-12-28 09:17:45	Success 	Stopping service: aspnet_state
2018-12-28 09:17:45	Starting	Changing IIS ApplicationHost.config
2018-12-28 09:17:45	Success 	Changing IIS ApplicationHost.config
2018-12-28 09:17:45	Starting	Pre Registration cleanup
2018-12-28 09:17:45		Starting	Cleaning up registry
2018-12-28 09:17:45		Success 	Cleaning up registry
2018-12-28 09:17:45		Starting	Uninstalling performance counters
2018-12-28 09:17:45		Success 	Uninstalling performance counters
2018-12-28 09:17:45		Starting	Executing inf section: XSP.UninstallPerVer
2018-12-28 09:17:45		Success 	Executing inf section: 
2018-12-28 09:17:45		Starting	Executing inf section: AdminService.Uninstall
2018-12-28 09:17:45		Success 	Executing inf section: 
2018-12-28 09:17:45	Success 	Pre Registration cleanup
2018-12-28 09:17:45	Starting	Executing inf section: XSP.InstallPerVer
2018-12-28 09:17:45	Success 	Executing inf section: 
2018-12-28 09:17:45	Starting	Determining if current ASP.NET isapi has the highest version
2018-12-28 09:17:45	Success 	Determining if current ASP.NET isapi has the highest version
2018-12-28 09:17:45	Starting	Installing WMI file:aspnet.mof
2018-12-28 09:17:46	Success 	Installing WMI file:aspnet.mof
2018-12-28 09:17:46	Starting	Setting ACLs on dirs and WMI
2018-12-28 09:17:46		Starting	Getting location of Temporary ASP.Net directory
2018-12-28 09:17:46		Success 	Getting location of Temporary ASP.Net directory
2018-12-28 09:17:46		Starting	Setting ACLs on Temporary ASP.Net directory
2018-12-28 09:17:46		Success 	Setting ACLs on Temporary ASP.Net directory
2018-12-28 09:17:46		Starting	Setting ACLs on install root directory
2018-12-28 09:17:46		Success 	Setting ACLs on install root directory
2018-12-28 09:17:46		Starting	Setting ACLs on config directory
2018-12-28 09:17:46		Success 	Setting ACLs on config directory
2018-12-28 09:17:46		Starting	Grant access to WMI namespace: root\aspnet
2018-12-28 09:17:46		Success 	Grant access to WMI namespace: root\aspnet
2018-12-28 09:17:46	Success 	Setting ACLs on dirs and WMI
2018-12-28 09:17:46	Starting	Install the ASP.NET Performance counters
2018-12-28 09:17:47	Success 	Install the ASP.NET Performance counters
2018-12-28 09:17:47	Starting	Install common performance counters
2018-12-28 09:17:48	Success 	Install common performance counters
2018-12-28 09:17:49	Starting	Setting up client script files for website:*
2018-12-28 09:17:49		Starting	Getting all client file dirs and paths
2018-12-28 09:17:49		Success 	Getting all client file dirs and paths
2018-12-28 09:17:49		Starting	Creating list of client site scripts dirs
2018-12-28 09:17:49			Starting	Creating directory: C:\inetpub\wwwroot\aspnet_client
2018-12-28 09:17:49			Success 	Creating directory: C:\inetpub\wwwroot\aspnet_client
2018-12-28 09:17:49			Starting	Creating directory: C:\inetpub\wwwroot\aspnet_client\system_web
2018-12-28 09:17:49			Success 	Creating directory: C:\inetpub\wwwroot\aspnet_client\system_web
2018-12-28 09:17:49			Starting	Creating directory: C:\inetpub\wwwroot\aspnet_client\system_web\4_0_30319
2018-12-28 09:17:49			Success 	Creating directory: C:\inetpub\wwwroot\aspnet_client\system_web\4_0_30319
2018-12-28 09:17:49		Success 	Creating list of client site scripts dirs
2018-12-28 09:17:49		Starting	Copy the client side script or web admin files to a list of directories.
2018-12-28 09:17:49		Success 	Copy the client side script or web admin files to a list of directories.
2018-12-28 09:17:49	Success 	Setting up client script files for website:*
